<?xml version="1.0" encoding="UTF-8"?>
<!-- Generated by org.testng.reporters.JUnitXMLReporter -->
<testsuite ignored="1" hostname="LAPTOP-EV48PMBJ" failures="0" tests="1" name="Default test" time="6.201" errors="0" timestamp="2023-08-30T18:33:47 IST">
  <testcase classname="Framework.ecommerce.ErrorValidationsTest" name="passwordBlankErrorValidations" time="0.331"/>
  <testcase classname="Framework.ecommerce.ErrorValidationsTest" name="LoginErrorValidations" time="0.0">
    <ignored/>
  </testcase> <!-- LoginErrorValidations -->
</testsuite> <!-- Default test -->
