<?xml version="1.0" encoding="UTF-8"?>
<!-- Generated by org.testng.reporters.JUnitXMLReporter -->
<testsuite ignored="0" hostname="LAPTOP-EV48PMBJ" failures="0" tests="2" name="Error Validation Test" time="15.357" errors="0" timestamp="2023-10-05T19:55:59 IST">
  <testcase classname="Framework.ecommerce.ErrorValidationsTest" name="LoginErrorValidations" time="1.051"/>
  <testcase classname="Framework.ecommerce.ErrorValidationsTest" name="passwordBlankErrorValidations" time="0.227"/>
</testsuite> <!-- Error Validation Test -->
