<?xml version="1.0" encoding="UTF-8"?>
<testng-results ignored="0" total="6" passed="4" failed="1" skipped="1">
  <reporter-output>
  </reporter-output>
  <suite started-at="2023-10-05T19:53:53 IST" name="Suite" finished-at="2023-10-05T19:55:59 IST" duration-ms="126078">
    <groups>
      <group name="Purchase">
        <method signature="SubmitOrderTest.EndToEndTest(java.util.HashMap)[pri:0, instance:Framework.ecommerce.SubmitOrderTest@38145825]" name="EndToEndTest" class="Framework.ecommerce.SubmitOrderTest"/>
      </group> <!-- Purchase -->
    </groups>
    <test started-at="2023-10-05T19:53:53 IST" name="Submit Order Test" finished-at="2023-10-05T19:55:43 IST" duration-ms="110374">
      <class name="Framework.ecommerce.SubmitOrderTest">
        <test-method is-config="true" signature="launchApplication()[pri:0, instance:Framework.ecommerce.SubmitOrderTest@38145825]" started-at="2023-10-05T19:53:53 IST" name="launchApplication" finished-at="2023-10-05T19:54:50 IST" duration-ms="56733" status="PASS">
          <reporter-output>
          </reporter-output>
        </test-method> <!-- launchApplication -->
        <test-method signature="EndToEndTest(java.util.HashMap)[pri:0, instance:Framework.ecommerce.SubmitOrderTest@38145825]" started-at="2023-10-05T19:54:50 IST" name="EndToEndTest" data-provider="getData" finished-at="2023-10-05T19:54:58 IST" duration-ms="8050" status="PASS">
          <params>
            <param index="0">
              <value>
                <![CDATA[{password=Pass1234, email=nshylendra@gmail.com, productName=ADIDAS ORIGINAL}]]>
              </value>
            </param>
          </params>
          <reporter-output>
          </reporter-output>
        </test-method> <!-- EndToEndTest -->
        <test-method is-config="true" signature="terminate()[pri:0, instance:Framework.ecommerce.SubmitOrderTest@38145825]" started-at="2023-10-05T19:54:58 IST" name="terminate" finished-at="2023-10-05T19:54:58 IST" duration-ms="132" status="PASS">
          <reporter-output>
          </reporter-output>
        </test-method> <!-- terminate -->
        <test-method is-config="true" signature="launchApplication()[pri:0, instance:Framework.ecommerce.SubmitOrderTest@38145825]" started-at="2023-10-05T19:54:58 IST" name="launchApplication" finished-at="2023-10-05T19:55:13 IST" duration-ms="15056" status="PASS">
          <reporter-output>
          </reporter-output>
        </test-method> <!-- launchApplication -->
        <test-method signature="EndToEndTest(java.util.HashMap)[pri:0, instance:Framework.ecommerce.SubmitOrderTest@38145825]" started-at="2023-10-05T19:55:13 IST" name="EndToEndTest" data-provider="getData" finished-at="2023-10-05T19:55:17 IST" duration-ms="3562" status="FAIL">
          <params>
            <param index="0">
              <value>
                <![CDATA[{password=Pass1234, email=nshylendra1999@gmail.com, productName=IPHONE 13 PRO}]]>
              </value>
            </param>
          </params>
          <exception class="org.openqa.selenium.ElementClickInterceptedException">
            <message>
              <![CDATA[element click intercepted: Element <button _ngcontent-kua-c33="" routerlink="/dashboard/cart" class="btn btn-custom" style="margin-top: -10px;" tabindex="0">...</button> is not clickable at point (1028, 27). Other element would receive the click: <div _ngcontent-kua-c31="" class="ngx-spinner-overlay ng-tns-c31-1 ng-trigger ng-trigger-fadeIn ng-star-inserted" style="background-color: rgba(51, 51, 51, 0.8); z-index: 99999; position: fixed; opacity: 1;">...</div>
  (Session info: chrome=116.0.5845.188)
Build info: version: '4.11.0', revision: '040bc5406b'
System info: os.name: 'Windows 10', os.arch: 'amd64', os.version: '10.0', java.version: '19.0.1'
Driver info: org.openqa.selenium.chrome.ChromeDriver
Command: [db425a4bf6e75f8b5772bc1566fffe53, clickElement {id=815D8EFA3BE501A24EA0C7AA3B672984_element_77}]
Capabilities {acceptInsecureCerts: false, browserName: chrome, browserVersion: 116.0.5845.188, chrome: {chromedriverVersion: 116.0.5845.96 (1a3918166880..., userDataDir: C:\Users\nshyl\AppData\Loca...}, fedcm:accounts: true, goog:chromeOptions: {debuggerAddress: localhost:50189}, networkConnectionEnabled: false, pageLoadStrategy: normal, platformName: windows, proxy: Proxy(), se:cdp: ws://localhost:50189/devtoo..., se:cdpVersion: 116.0.5845.188, setWindowRect: true, strictFileInteractability: false, timeouts: {implicit: 0, pageLoad: 300000, script: 30000}, unhandledPromptBehavior: dismiss and notify, webauthn:extension:credBlob: true, webauthn:extension:largeBlob: true, webauthn:extension:minPinLength: true, webauthn:extension:prf: true, webauthn:virtualAuthenticators: true}
Element: [[ChromeDriver: chrome on windows (db425a4bf6e75f8b5772bc1566fffe53)] -> css selector: button[routerlink*='cart']]
Session ID: db425a4bf6e75f8b5772bc1566fffe53]]>
            </message>
            <full-stacktrace>
              <![CDATA[org.openqa.selenium.ElementClickInterceptedException: element click intercepted: Element <button _ngcontent-kua-c33="" routerlink="/dashboard/cart" class="btn btn-custom" style="margin-top: -10px;" tabindex="0">...</button> is not clickable at point (1028, 27). Other element would receive the click: <div _ngcontent-kua-c31="" class="ngx-spinner-overlay ng-tns-c31-1 ng-trigger ng-trigger-fadeIn ng-star-inserted" style="background-color: rgba(51, 51, 51, 0.8); z-index: 99999; position: fixed; opacity: 1;">...</div>
  (Session info: chrome=116.0.5845.188)
Build info: version: '4.11.0', revision: '040bc5406b'
System info: os.name: 'Windows 10', os.arch: 'amd64', os.version: '10.0', java.version: '19.0.1'
Driver info: org.openqa.selenium.chrome.ChromeDriver
Command: [db425a4bf6e75f8b5772bc1566fffe53, clickElement {id=815D8EFA3BE501A24EA0C7AA3B672984_element_77}]
Capabilities {acceptInsecureCerts: false, browserName: chrome, browserVersion: 116.0.5845.188, chrome: {chromedriverVersion: 116.0.5845.96 (1a3918166880..., userDataDir: C:\Users\nshyl\AppData\Loca...}, fedcm:accounts: true, goog:chromeOptions: {debuggerAddress: localhost:50189}, networkConnectionEnabled: false, pageLoadStrategy: normal, platformName: windows, proxy: Proxy(), se:cdp: ws://localhost:50189/devtoo..., se:cdpVersion: 116.0.5845.188, setWindowRect: true, strictFileInteractability: false, timeouts: {implicit: 0, pageLoad: 300000, script: 30000}, unhandledPromptBehavior: dismiss and notify, webauthn:extension:credBlob: true, webauthn:extension:largeBlob: true, webauthn:extension:minPinLength: true, webauthn:extension:prf: true, webauthn:virtualAuthenticators: true}
Element: [[ChromeDriver: chrome on windows (db425a4bf6e75f8b5772bc1566fffe53)] -> css selector: button[routerlink*='cart']]
Session ID: db425a4bf6e75f8b5772bc1566fffe53
at java.base/jdk.internal.reflect.DirectConstructorHandleAccessor.newInstance(DirectConstructorHandleAccessor.java:67)
at java.base/java.lang.reflect.Constructor.newInstanceWithCaller(Constructor.java:500)
at java.base/java.lang.reflect.Constructor.newInstance(Constructor.java:484)
at org.openqa.selenium.remote.codec.w3c.W3CHttpResponseCodec.createException(W3CHttpResponseCodec.java:200)
at org.openqa.selenium.remote.codec.w3c.W3CHttpResponseCodec.decode(W3CHttpResponseCodec.java:133)
at org.openqa.selenium.remote.codec.w3c.W3CHttpResponseCodec.decode(W3CHttpResponseCodec.java:52)
at org.openqa.selenium.remote.HttpCommandExecutor.execute(HttpCommandExecutor.java:191)
at org.openqa.selenium.remote.service.DriverCommandExecutor.invokeExecute(DriverCommandExecutor.java:196)
at org.openqa.selenium.remote.service.DriverCommandExecutor.execute(DriverCommandExecutor.java:171)
at org.openqa.selenium.remote.RemoteWebDriver.execute(RemoteWebDriver.java:518)
at org.openqa.selenium.remote.RemoteWebElement.execute(RemoteWebElement.java:224)
at org.openqa.selenium.remote.RemoteWebElement.click(RemoteWebElement.java:77)
at java.base/jdk.internal.reflect.DirectMethodHandleAccessor.invoke(DirectMethodHandleAccessor.java:104)
at java.base/java.lang.reflect.Method.invoke(Method.java:578)
at org.openqa.selenium.support.pagefactory.internal.LocatingElementHandler.invoke(LocatingElementHandler.java:51)
at jdk.proxy2/jdk.proxy2.$Proxy20.click(Unknown Source)
at AbstractComponent.AbstractComponent.gotoCartPage(AbstractComponent.java:61)
at Framework.PageObjects.ProductCatalogue.addProductToCart(ProductCatalogue.java:47)
at Framework.ecommerce.SubmitOrderTest.EndToEndTest(SubmitOrderTest.java:30)
at java.base/jdk.internal.reflect.DirectMethodHandleAccessor.invoke(DirectMethodHandleAccessor.java:104)
at java.base/java.lang.reflect.Method.invoke(Method.java:578)
at org.testng.internal.invokers.MethodInvocationHelper.invokeMethod(MethodInvocationHelper.java:139)
at org.testng.internal.invokers.TestInvoker.invokeMethod(TestInvoker.java:677)
at org.testng.internal.invokers.TestInvoker.invokeTestMethod(TestInvoker.java:221)
at org.testng.internal.invokers.MethodRunner.runInSequence(MethodRunner.java:50)
at org.testng.internal.invokers.TestInvoker$MethodInvocationAgent.invoke(TestInvoker.java:969)
at org.testng.internal.invokers.TestInvoker.invokeTestMethods(TestInvoker.java:194)
at org.testng.internal.invokers.TestMethodWorker.invokeTestMethods(TestMethodWorker.java:148)
at org.testng.internal.invokers.TestMethodWorker.run(TestMethodWorker.java:128)
at java.base/java.util.ArrayList.forEach(ArrayList.java:1511)
at org.testng.TestRunner.privateRun(TestRunner.java:829)
at org.testng.TestRunner.run(TestRunner.java:602)
at org.testng.SuiteRunner.runTest(SuiteRunner.java:437)
at org.testng.SuiteRunner.runSequentially(SuiteRunner.java:431)
at org.testng.SuiteRunner.privateRun(SuiteRunner.java:391)
at org.testng.SuiteRunner.run(SuiteRunner.java:330)
at org.testng.SuiteRunnerWorker.runSuite(SuiteRunnerWorker.java:52)
at org.testng.SuiteRunnerWorker.run(SuiteRunnerWorker.java:95)
at org.testng.TestNG.runSuitesSequentially(TestNG.java:1256)
at org.testng.TestNG.runSuitesLocally(TestNG.java:1176)
at org.testng.TestNG.runSuites(TestNG.java:1099)
at org.testng.TestNG.run(TestNG.java:1067)
at org.testng.remote.AbstractRemoteTestNG.run(AbstractRemoteTestNG.java:115)
at org.testng.remote.RemoteTestNG.initAndRun(RemoteTestNG.java:251)
at org.testng.remote.RemoteTestNG.main(RemoteTestNG.java:77)
]]>
            </full-stacktrace>
          </exception> <!-- org.openqa.selenium.ElementClickInterceptedException -->
          <reporter-output>
          </reporter-output>
        </test-method> <!-- EndToEndTest -->
        <test-method is-config="true" signature="terminate()[pri:0, instance:Framework.ecommerce.SubmitOrderTest@38145825]" started-at="2023-10-05T19:55:17 IST" name="terminate" finished-at="2023-10-05T19:55:17 IST" duration-ms="113" status="PASS">
          <reporter-output>
          </reporter-output>
        </test-method> <!-- terminate -->
        <test-method is-config="true" signature="launchApplication()[pri:0, instance:Framework.ecommerce.SubmitOrderTest@38145825]" started-at="2023-10-05T19:55:17 IST" name="launchApplication" finished-at="2023-10-05T19:55:39 IST" duration-ms="21732" status="PASS">
          <reporter-output>
          </reporter-output>
        </test-method> <!-- launchApplication -->
        <test-method signature="ProductErrorValidation()[pri:0, instance:Framework.ecommerce.SubmitOrderTest@38145825]" started-at="2023-10-05T19:55:39 IST" name="ProductErrorValidation" finished-at="2023-10-05T19:55:43 IST" duration-ms="4235" status="PASS">
          <reporter-output>
          </reporter-output>
        </test-method> <!-- ProductErrorValidation -->
        <test-method is-config="true" signature="terminate()[pri:0, instance:Framework.ecommerce.SubmitOrderTest@38145825]" started-at="2023-10-05T19:55:43 IST" name="terminate" finished-at="2023-10-05T19:55:43 IST" duration-ms="153" status="PASS">
          <reporter-output>
          </reporter-output>
        </test-method> <!-- terminate -->
        <test-method signature="orderedItemValidation()[pri:0, instance:Framework.ecommerce.SubmitOrderTest@38145825]" started-at="2023-10-05T19:55:43 IST" name="orderedItemValidation" finished-at="2023-10-05T19:55:43 IST" depends-on-methods="Framework.ecommerce.SubmitOrderTest.EndToEndTest" duration-ms="1" status="SKIP">
          <exception class="java.lang.Throwable">
            <message>
              <![CDATA[Method Framework.ecommerce.SubmitOrderTest.orderedItemValidation() on instance Framework.ecommerce.SubmitOrderTest@38145825 depends on not successfully finished methods 
[Framework.ecommerce.SubmitOrderTest.EndToEndTest() on instance Framework.ecommerce.SubmitOrderTest@38145825]]]>
            </message>
            <full-stacktrace>
              <![CDATA[java.lang.Throwable: Method Framework.ecommerce.SubmitOrderTest.orderedItemValidation() on instance Framework.ecommerce.SubmitOrderTest@38145825 depends on not successfully finished methods 
[Framework.ecommerce.SubmitOrderTest.EndToEndTest() on instance Framework.ecommerce.SubmitOrderTest@38145825]
at org.testng.internal.invokers.TestInvoker.invokeTestMethods(TestInvoker.java:150)
at org.testng.internal.invokers.TestMethodWorker.invokeTestMethods(TestMethodWorker.java:148)
at org.testng.internal.invokers.TestMethodWorker.run(TestMethodWorker.java:128)
at java.base/java.util.ArrayList.forEach(ArrayList.java:1511)
at org.testng.TestRunner.privateRun(TestRunner.java:829)
at org.testng.TestRunner.run(TestRunner.java:602)
at org.testng.SuiteRunner.runTest(SuiteRunner.java:437)
at org.testng.SuiteRunner.runSequentially(SuiteRunner.java:431)
at org.testng.SuiteRunner.privateRun(SuiteRunner.java:391)
at org.testng.SuiteRunner.run(SuiteRunner.java:330)
at org.testng.SuiteRunnerWorker.runSuite(SuiteRunnerWorker.java:52)
at org.testng.SuiteRunnerWorker.run(SuiteRunnerWorker.java:95)
at org.testng.TestNG.runSuitesSequentially(TestNG.java:1256)
at org.testng.TestNG.runSuitesLocally(TestNG.java:1176)
at org.testng.TestNG.runSuites(TestNG.java:1099)
at org.testng.TestNG.run(TestNG.java:1067)
at org.testng.remote.AbstractRemoteTestNG.run(AbstractRemoteTestNG.java:115)
at org.testng.remote.RemoteTestNG.initAndRun(RemoteTestNG.java:251)
at org.testng.remote.RemoteTestNG.main(RemoteTestNG.java:77)
]]>
            </full-stacktrace>
          </exception> <!-- java.lang.Throwable -->
          <reporter-output>
          </reporter-output>
        </test-method> <!-- orderedItemValidation -->
      </class> <!-- Framework.ecommerce.SubmitOrderTest -->
    </test> <!-- Submit Order Test -->
    <test started-at="2023-10-05T19:55:44 IST" name="Error Validation Test" finished-at="2023-10-05T19:55:59 IST" duration-ms="15357">
      <class name="Framework.ecommerce.ErrorValidationsTest">
        <test-method is-config="true" signature="launchApplication()[pri:0, instance:Framework.ecommerce.ErrorValidationsTest@4ef74c30]" started-at="2023-10-05T19:55:44 IST" name="launchApplication" finished-at="2023-10-05T19:55:52 IST" duration-ms="8158" status="PASS">
          <reporter-output>
          </reporter-output>
        </test-method> <!-- launchApplication -->
        <test-method signature="LoginErrorValidations()[pri:0, instance:Framework.ecommerce.ErrorValidationsTest@4ef74c30]" started-at="2023-10-05T19:55:52 IST" name="LoginErrorValidations" finished-at="2023-10-05T19:55:53 IST" duration-ms="1051" status="PASS">
          <reporter-output>
          </reporter-output>
        </test-method> <!-- LoginErrorValidations -->
        <test-method is-config="true" signature="terminate()[pri:0, instance:Framework.ecommerce.ErrorValidationsTest@4ef74c30]" started-at="2023-10-05T19:55:53 IST" name="terminate" finished-at="2023-10-05T19:55:53 IST" duration-ms="110" status="PASS">
          <reporter-output>
          </reporter-output>
        </test-method> <!-- terminate -->
        <test-method is-config="true" signature="launchApplication()[pri:0, instance:Framework.ecommerce.ErrorValidationsTest@4ef74c30]" started-at="2023-10-05T19:55:53 IST" name="launchApplication" finished-at="2023-10-05T19:55:59 IST" duration-ms="5687" status="PASS">
          <reporter-output>
          </reporter-output>
        </test-method> <!-- launchApplication -->
        <test-method signature="passwordBlankErrorValidations()[pri:0, instance:Framework.ecommerce.ErrorValidationsTest@4ef74c30]" started-at="2023-10-05T19:55:59 IST" name="passwordBlankErrorValidations" finished-at="2023-10-05T19:55:59 IST" duration-ms="227" status="PASS">
          <reporter-output>
          </reporter-output>
        </test-method> <!-- passwordBlankErrorValidations -->
        <test-method is-config="true" signature="terminate()[pri:0, instance:Framework.ecommerce.ErrorValidationsTest@4ef74c30]" started-at="2023-10-05T19:55:59 IST" name="terminate" finished-at="2023-10-05T19:55:59 IST" duration-ms="114" status="PASS">
          <reporter-output>
          </reporter-output>
        </test-method> <!-- terminate -->
      </class> <!-- Framework.ecommerce.ErrorValidationsTest -->
    </test> <!-- Error Validation Test -->
  </suite> <!-- Suite -->
</testng-results>
